<?xml version="1.0" encoding="UTF-8"?>
<robot generator="Robot 5.0.1 (Python 3.10.5 on win32)" generated="20220630 06:23:55.412" rpa="false" schemaversion="3">
<suite id="s1" name="Amazon Testes" source="C:\Users\denty\Desktop\estagio\Guia\udemy\Basico\WebTesting\amazon_testes.robot">
<test id="s1-t1" name="Caso de Teste 02 - Pesquisa de um Produto" line="24">
<kw name="Abrir o navegador" library="amazon_resources" type="SETUP">
<kw name="Open Browser" library="SeleniumLibrary">
<arg>browser=chrome</arg>
<doc>Opens a new browser instance to the optional ``url``.</doc>
<msg timestamp="20220630 06:23:55.586" level="INFO">Opening browser 'chrome' to base url 'None'.</msg>
<status status="PASS" starttime="20220630 06:23:55.586" endtime="20220630 06:23:56.704"/>
</kw>
<kw name="Maximize Browser Window" library="SeleniumLibrary">
<doc>Maximizes current browser window.</doc>
<status status="PASS" starttime="20220630 06:23:56.704" endtime="20220630 06:23:56.818"/>
</kw>
<status status="PASS" starttime="20220630 06:23:55.586" endtime="20220630 06:23:56.818"/>
</kw>
<kw name="Acessar a home page do site Amazon.com.br" library="amazon_resources">
<kw name="Go To" library="SeleniumLibrary">
<arg>url=${URL}</arg>
<doc>Navigates the current browser window to the provided ``url``.</doc>
<msg timestamp="20220630 06:23:56.819" level="INFO">Opening url 'https://www.amazon.com.br'</msg>
<status status="PASS" starttime="20220630 06:23:56.819" endtime="20220630 06:23:58.136"/>
</kw>
<status status="PASS" starttime="20220630 06:23:56.819" endtime="20220630 06:23:58.136"/>
</kw>
<kw name="Digitar o nome de produto &quot;Xbox Series S&quot; no campo de pesquisa" library="amazon_resources" sourcename="Digitar o nome de produto &quot;${Produto}&quot; no campo de pesquisa">
<kw name="Input Text" library="SeleniumLibrary">
<arg>locator=twotabsearchtextbox</arg>
<arg>text=${Produto}</arg>
<doc>Types the given ``text`` into the text field identified by ``locator``.</doc>
<msg timestamp="20220630 06:23:58.137" level="INFO">Typing text 'Xbox Series S' into text field 'twotabsearchtextbox'.</msg>
<status status="PASS" starttime="20220630 06:23:58.137" endtime="20220630 06:23:58.247"/>
</kw>
<status status="PASS" starttime="20220630 06:23:58.137" endtime="20220630 06:23:58.247"/>
</kw>
<kw name="Clicar no botão de pesquisa" library="amazon_resources">
<kw name="Click Element" library="SeleniumLibrary">
<arg>locator=nav-search-submit-button</arg>
<doc>Click the element identified by ``locator``.</doc>
<msg timestamp="20220630 06:23:58.248" level="INFO">Clicking element 'nav-search-submit-button'.</msg>
<status status="PASS" starttime="20220630 06:23:58.248" endtime="20220630 06:23:59.653"/>
</kw>
<status status="PASS" starttime="20220630 06:23:58.248" endtime="20220630 06:23:59.653"/>
</kw>
<kw name="Fechar o navegador" library="amazon_resources" type="TEARDOWN">
<kw name="Close Browser" library="SeleniumLibrary">
<doc>Closes the current browser.</doc>
<status status="PASS" starttime="20220630 06:23:59.654" endtime="20220630 06:24:01.804"/>
</kw>
<status status="PASS" starttime="20220630 06:23:59.653" endtime="20220630 06:24:01.804"/>
</kw>
<doc>Esse teste verifica a busca de um produto</doc>
<tag>busca_produto</tag>
<tag>lista_busca</tag>
<status status="PASS" starttime="20220630 06:23:55.585" endtime="20220630 06:24:01.804"/>
</test>
<doc>Essa suíte testa o site Amazon.com.br</doc>
<status status="PASS" starttime="20220630 06:23:55.413" endtime="20220630 06:24:01.806"/>
</suite>
<statistics>
<total>
<stat pass="1" fail="0" skip="0">All Tests</stat>
</total>
<tag>
<stat pass="1" fail="0" skip="0">busca_produto</stat>
<stat pass="1" fail="0" skip="0">lista_busca</stat>
</tag>
<suite>
<stat pass="1" fail="0" skip="0" id="s1" name="Amazon Testes">Amazon Testes</stat>
</suite>
</statistics>
<errors>
</errors>
</robot>
