<?xml version="1.0" encoding="UTF-8"?>
<robot generator="Robot 5.0.1 (Python 3.10.5 on win32)" generated="20220629 12:49:34.257" rpa="false" schemaversion="3">
<suite id="s1" name="Amazon Testes" source="C:\Users\denty\Desktop\estagio\Guia\udemy\Basico\WebTesting\amazon_testes.robot">
<test id="s1-t1" name="Caso de Teste 01 - Acesso ao menu &quot;Eletrônicos&quot;" line="10">
<kw name="Abrir o navegador" library="amazon_resources" type="SETUP">
<kw name="Open Browser" library="SeleniumLibrary">
<arg>browser=chrome</arg>
<doc>Opens a new browser instance to the optional ``url``.</doc>
<msg timestamp="20220629 12:49:34.425" level="INFO">Opening browser 'chrome' to base url 'None'.</msg>
<status status="PASS" starttime="20220629 12:49:34.425" endtime="20220629 12:49:35.573"/>
</kw>
<kw name="Maximize Browser Window" library="SeleniumLibrary">
<doc>Maximizes current browser window.</doc>
<status status="PASS" starttime="20220629 12:49:35.573" endtime="20220629 12:49:35.698"/>
</kw>
<status status="PASS" starttime="20220629 12:49:34.424" endtime="20220629 12:49:35.699"/>
</kw>
<kw name="Acessar a home page do site Amazon.com.br" library="amazon_resources">
<kw name="Go To" library="SeleniumLibrary">
<arg>url=${URL}</arg>
<doc>Navigates the current browser window to the provided ``url``.</doc>
<msg timestamp="20220629 12:49:35.700" level="INFO">Opening url 'https://www.amazon.com.br'</msg>
<status status="PASS" starttime="20220629 12:49:35.700" endtime="20220629 12:49:36.946"/>
</kw>
<status status="PASS" starttime="20220629 12:49:35.699" endtime="20220629 12:49:36.946"/>
</kw>
<kw name="Verificar se o título da página fica &quot;Amazon.com.br | Tudo pra você, de A a Z.&quot;" library="amazon_resources" sourcename="Verificar se o título da página fica &quot;${TITULO}&quot;">
<kw name="Title Should Be" library="SeleniumLibrary">
<arg>title=${TITULO}</arg>
<doc>Verifies that the current page title equals ``title``.</doc>
<msg timestamp="20220629 12:49:36.954" level="INFO">Page title is 'Amazon.com.br | Tudo pra você, de A a Z.'.</msg>
<status status="PASS" starttime="20220629 12:49:36.947" endtime="20220629 12:49:36.954"/>
</kw>
<status status="PASS" starttime="20220629 12:49:36.947" endtime="20220629 12:49:36.954"/>
</kw>
<kw name="Entrar no menu &quot;Eletrônicos&quot;" library="amazon_resources">
<kw name="Click Element" library="SeleniumLibrary">
<arg>locator=${MENU_ELETRONICOS}</arg>
<doc>Click the element identified by ``locator``.</doc>
<msg timestamp="20220629 12:49:36.955" level="INFO">Clicking element '//a[@href='/Eletronicos-e-Tecnologia/b/?ie=UTF8&amp;node=16209062011&amp;ref_=nav_cs_electronics'][contains(.,'Eletrônicos')]'.</msg>
<status status="PASS" starttime="20220629 12:49:36.955" endtime="20220629 12:49:38.615"/>
</kw>
<status status="PASS" starttime="20220629 12:49:36.955" endtime="20220629 12:49:38.615"/>
</kw>
<kw name="Verificar se aparece a frase &quot;Eletrônicos e Tecnologia&quot;" library="amazon_resources" sourcename="Verificar se aparece a frase &quot;${FRASE}&quot;">
<kw name="Wait Until Page Contains" library="SeleniumLibrary">
<arg>text=${FRASE}</arg>
<doc>Waits until ``text`` appears on the current page.</doc>
<status status="PASS" starttime="20220629 12:49:38.616" endtime="20220629 12:49:38.678"/>
</kw>
<kw name="Wait Until Element Is Visible" library="SeleniumLibrary">
<arg>locator=${HEADER_ELETRONICOS}</arg>
<doc>Waits until the element ``locator`` is visible.</doc>
<status status="PASS" starttime="20220629 12:49:38.678" endtime="20220629 12:49:38.747"/>
</kw>
<status status="PASS" starttime="20220629 12:49:38.616" endtime="20220629 12:49:38.748"/>
</kw>
<kw name="Verificar se o título da página fica &quot;Eletrônicos e Tecnologia | Amazon.com.br&quot;" library="amazon_resources" sourcename="Verificar se o título da página fica &quot;${TITULO}&quot;">
<kw name="Title Should Be" library="SeleniumLibrary">
<arg>title=${TITULO}</arg>
<doc>Verifies that the current page title equals ``title``.</doc>
<msg timestamp="20220629 12:49:38.770" level="INFO">Page title is 'Eletrônicos e Tecnologia | Amazon.com.br'.</msg>
<status status="PASS" starttime="20220629 12:49:38.749" endtime="20220629 12:49:38.770"/>
</kw>
<status status="PASS" starttime="20220629 12:49:38.748" endtime="20220629 12:49:38.770"/>
</kw>
<kw name="Verificar se aparece a categoria &quot;Computadores e Informática&quot;" library="amazon_resources" sourcename="Verificar se aparece a categoria &quot;${NOME_CATEGORIA}&quot;">
<kw name="Element Should Be Visible" library="SeleniumLibrary">
<arg>locator=//a[@aria-label='${NOME_CATEGORIA}']</arg>
<doc>Verifies that the element identified by ``locator`` is visible.</doc>
<msg timestamp="20220629 12:49:38.818" level="INFO">Element '//a[@aria-label='Computadores e Informática']' is displayed.</msg>
<status status="PASS" starttime="20220629 12:49:38.771" endtime="20220629 12:49:38.818"/>
</kw>
<status status="PASS" starttime="20220629 12:49:38.771" endtime="20220629 12:49:38.818"/>
</kw>
<kw name="Clicar no elemento" library="amazon_resources">
<kw name="Wait Until Page Contains" library="SeleniumLibrary">
<arg>locator=//a[contains(.,'Publique seus livros')]</arg>
<doc>Waits until ``text`` appears on the current page.</doc>
<msg timestamp="20220629 12:49:44.172" level="INFO" html="true">&lt;/td&gt;&lt;/tr&gt;&lt;tr&gt;&lt;td colspan="3"&gt;&lt;a href="selenium-screenshot-10.png"&gt;&lt;img src="selenium-screenshot-10.png" width="800px"&gt;&lt;/a&gt;</msg>
<msg timestamp="20220629 12:49:44.173" level="FAIL">Text 'locator=//a[contains(.,'Publique seus livros')]' did not appear in 5 seconds.</msg>
<status status="FAIL" starttime="20220629 12:49:38.819" endtime="20220629 12:49:44.174"/>
</kw>
<kw name="Click Element" library="SeleniumLibrary">
<arg>locator=//a[contains(.,'Publique seus livros')]</arg>
<doc>Click the element identified by ``locator``.</doc>
<status status="NOT RUN" starttime="20220629 12:49:44.174" endtime="20220629 12:49:44.174"/>
</kw>
<status status="FAIL" starttime="20220629 12:49:38.819" endtime="20220629 12:49:44.174"/>
</kw>
<kw name="Fechar o navegador" library="amazon_resources" type="TEARDOWN">
<kw name="Close Browser" library="SeleniumLibrary">
<doc>Closes the current browser.</doc>
<status status="PASS" starttime="20220629 12:49:44.175" endtime="20220629 12:49:46.341"/>
</kw>
<status status="PASS" starttime="20220629 12:49:44.175" endtime="20220629 12:49:46.341"/>
</kw>
<doc>Esse teste verifica o menu eletronico do site da Amazon.com.br
e verifica a categoria Computadores e Informática</doc>
<tag>categorias</tag>
<tag>menus</tag>
<status status="FAIL" starttime="20220629 12:49:34.424" endtime="20220629 12:49:46.342">Text 'locator=//a[contains(.,'Publique seus livros')]' did not appear in 5 seconds.</status>
</test>
<doc>Essa suíte testa o site Amazon.com.br</doc>
<status status="FAIL" starttime="20220629 12:49:34.258" endtime="20220629 12:49:46.343"/>
</suite>
<statistics>
<total>
<stat pass="0" fail="1" skip="0">All Tests</stat>
</total>
<tag>
<stat pass="0" fail="1" skip="0">categorias</stat>
<stat pass="0" fail="1" skip="0">menus</stat>
</tag>
<suite>
<stat pass="0" fail="1" skip="0" id="s1" name="Amazon Testes">Amazon Testes</stat>
</suite>
</statistics>
<errors>
</errors>
</robot>
