<?xml version="1.0" encoding="UTF-8"?>
<robot generator="Robot 5.0.1 (Python 3.10.5 on win32)" generated="20220705 06:44:32.685" rpa="false" schemaversion="3">
<suite id="s1" name="For" source="C:\Users\denty\Desktop\estagio\Guia\udemy\Avancado\BuitlnAvancado\for.robot">
<test id="s1-t1" name="Teste do novo formato do FOR" line="2">
<kw name="Novo formato do FOR de listas">
<for flavor="IN">
<var>${animal}</var>
<value>gato</value>
<value>cachorro</value>
<value>cavalo</value>
<iter>
<var name="${animal}">gato</var>
<kw name="Log" library="BuiltIn">
<arg>O animal desse laço é: ${animal}!</arg>
<doc>Logs the given message with the given level.</doc>
<msg timestamp="20220705 06:44:32.707" level="INFO">O animal desse laço é: gato!</msg>
<status status="PASS" starttime="20220705 06:44:32.706" endtime="20220705 06:44:32.707"/>
</kw>
<kw name="Log" library="BuiltIn">
<arg>Vamos para o próximo animal da lista...</arg>
<doc>Logs the given message with the given level.</doc>
<msg timestamp="20220705 06:44:32.707" level="INFO">Vamos para o próximo animal da lista...</msg>
<status status="PASS" starttime="20220705 06:44:32.707" endtime="20220705 06:44:32.707"/>
</kw>
<status status="PASS" starttime="20220705 06:44:32.706" endtime="20220705 06:44:32.707"/>
</iter>
<iter>
<var name="${animal}">cachorro</var>
<kw name="Log" library="BuiltIn">
<arg>O animal desse laço é: ${animal}!</arg>
<doc>Logs the given message with the given level.</doc>
<msg timestamp="20220705 06:44:32.707" level="INFO">O animal desse laço é: cachorro!</msg>
<status status="PASS" starttime="20220705 06:44:32.707" endtime="20220705 06:44:32.707"/>
</kw>
<kw name="Log" library="BuiltIn">
<arg>Vamos para o próximo animal da lista...</arg>
<doc>Logs the given message with the given level.</doc>
<msg timestamp="20220705 06:44:32.707" level="INFO">Vamos para o próximo animal da lista...</msg>
<status status="PASS" starttime="20220705 06:44:32.707" endtime="20220705 06:44:32.707"/>
</kw>
<status status="PASS" starttime="20220705 06:44:32.707" endtime="20220705 06:44:32.707"/>
</iter>
<iter>
<var name="${animal}">cavalo</var>
<kw name="Log" library="BuiltIn">
<arg>O animal desse laço é: ${animal}!</arg>
<doc>Logs the given message with the given level.</doc>
<msg timestamp="20220705 06:44:32.708" level="INFO">O animal desse laço é: cavalo!</msg>
<status status="PASS" starttime="20220705 06:44:32.707" endtime="20220705 06:44:32.708"/>
</kw>
<kw name="Log" library="BuiltIn">
<arg>Vamos para o próximo animal da lista...</arg>
<doc>Logs the given message with the given level.</doc>
<msg timestamp="20220705 06:44:32.708" level="INFO">Vamos para o próximo animal da lista...</msg>
<status status="PASS" starttime="20220705 06:44:32.708" endtime="20220705 06:44:32.708"/>
</kw>
<status status="PASS" starttime="20220705 06:44:32.707" endtime="20220705 06:44:32.708"/>
</iter>
<status status="PASS" starttime="20220705 06:44:32.706" endtime="20220705 06:44:32.708"/>
</for>
<status status="PASS" starttime="20220705 06:44:32.706" endtime="20220705 06:44:32.708"/>
</kw>
<status status="PASS" starttime="20220705 06:44:32.705" endtime="20220705 06:44:32.708"/>
</test>
<test id="s1-t2" name="Teste de FOR aninhado" line="5">
<kw name="Cria cadastro de produtos (FOR aninhado)">
<for flavor="IN">
<var>${produto}</var>
<value>baby look</value>
<value>camiseta</value>
<value>blusa</value>
<iter>
<var name="${produto}">baby look</var>
<kw name="Imprime tamanhos para o produto">
<arg>${produto}</arg>
<for flavor="IN">
<var>${tamanho}</var>
<value>P</value>
<value>M</value>
<value>G</value>
<iter>
<var name="${tamanho}">P</var>
<kw name="Log" library="BuiltIn">
<arg>Produto: ${produto} - Tam: ${tamanho}</arg>
<doc>Logs the given message with the given level.</doc>
<msg timestamp="20220705 06:44:32.711" level="INFO">Produto: baby look - Tam: P</msg>
<status status="PASS" starttime="20220705 06:44:32.710" endtime="20220705 06:44:32.711"/>
</kw>
<status status="PASS" starttime="20220705 06:44:32.710" endtime="20220705 06:44:32.711"/>
</iter>
<iter>
<var name="${tamanho}">M</var>
<kw name="Log" library="BuiltIn">
<arg>Produto: ${produto} - Tam: ${tamanho}</arg>
<doc>Logs the given message with the given level.</doc>
<msg timestamp="20220705 06:44:32.711" level="INFO">Produto: baby look - Tam: M</msg>
<status status="PASS" starttime="20220705 06:44:32.711" endtime="20220705 06:44:32.711"/>
</kw>
<status status="PASS" starttime="20220705 06:44:32.711" endtime="20220705 06:44:32.711"/>
</iter>
<iter>
<var name="${tamanho}">G</var>
<kw name="Log" library="BuiltIn">
<arg>Produto: ${produto} - Tam: ${tamanho}</arg>
<doc>Logs the given message with the given level.</doc>
<msg timestamp="20220705 06:44:32.711" level="INFO">Produto: baby look - Tam: G</msg>
<status status="PASS" starttime="20220705 06:44:32.711" endtime="20220705 06:44:32.711"/>
</kw>
<status status="PASS" starttime="20220705 06:44:32.711" endtime="20220705 06:44:32.711"/>
</iter>
<status status="PASS" starttime="20220705 06:44:32.710" endtime="20220705 06:44:32.711"/>
</for>
<status status="PASS" starttime="20220705 06:44:32.710" endtime="20220705 06:44:32.711"/>
</kw>
<status status="PASS" starttime="20220705 06:44:32.710" endtime="20220705 06:44:32.711"/>
</iter>
<iter>
<var name="${produto}">camiseta</var>
<kw name="Imprime tamanhos para o produto">
<arg>${produto}</arg>
<for flavor="IN">
<var>${tamanho}</var>
<value>P</value>
<value>M</value>
<value>G</value>
<iter>
<var name="${tamanho}">P</var>
<kw name="Log" library="BuiltIn">
<arg>Produto: ${produto} - Tam: ${tamanho}</arg>
<doc>Logs the given message with the given level.</doc>
<msg timestamp="20220705 06:44:32.712" level="INFO">Produto: camiseta - Tam: P</msg>
<status status="PASS" starttime="20220705 06:44:32.712" endtime="20220705 06:44:32.712"/>
</kw>
<status status="PASS" starttime="20220705 06:44:32.712" endtime="20220705 06:44:32.712"/>
</iter>
<iter>
<var name="${tamanho}">M</var>
<kw name="Log" library="BuiltIn">
<arg>Produto: ${produto} - Tam: ${tamanho}</arg>
<doc>Logs the given message with the given level.</doc>
<msg timestamp="20220705 06:44:32.712" level="INFO">Produto: camiseta - Tam: M</msg>
<status status="PASS" starttime="20220705 06:44:32.712" endtime="20220705 06:44:32.712"/>
</kw>
<status status="PASS" starttime="20220705 06:44:32.712" endtime="20220705 06:44:32.712"/>
</iter>
<iter>
<var name="${tamanho}">G</var>
<kw name="Log" library="BuiltIn">
<arg>Produto: ${produto} - Tam: ${tamanho}</arg>
<doc>Logs the given message with the given level.</doc>
<msg timestamp="20220705 06:44:32.712" level="INFO">Produto: camiseta - Tam: G</msg>
<status status="PASS" starttime="20220705 06:44:32.712" endtime="20220705 06:44:32.712"/>
</kw>
<status status="PASS" starttime="20220705 06:44:32.712" endtime="20220705 06:44:32.713"/>
</iter>
<status status="PASS" starttime="20220705 06:44:32.712" endtime="20220705 06:44:32.713"/>
</for>
<status status="PASS" starttime="20220705 06:44:32.711" endtime="20220705 06:44:32.713"/>
</kw>
<status status="PASS" starttime="20220705 06:44:32.711" endtime="20220705 06:44:32.713"/>
</iter>
<iter>
<var name="${produto}">blusa</var>
<kw name="Imprime tamanhos para o produto">
<arg>${produto}</arg>
<for flavor="IN">
<var>${tamanho}</var>
<value>P</value>
<value>M</value>
<value>G</value>
<iter>
<var name="${tamanho}">P</var>
<kw name="Log" library="BuiltIn">
<arg>Produto: ${produto} - Tam: ${tamanho}</arg>
<doc>Logs the given message with the given level.</doc>
<msg timestamp="20220705 06:44:32.713" level="INFO">Produto: blusa - Tam: P</msg>
<status status="PASS" starttime="20220705 06:44:32.713" endtime="20220705 06:44:32.713"/>
</kw>
<status status="PASS" starttime="20220705 06:44:32.713" endtime="20220705 06:44:32.713"/>
</iter>
<iter>
<var name="${tamanho}">M</var>
<kw name="Log" library="BuiltIn">
<arg>Produto: ${produto} - Tam: ${tamanho}</arg>
<doc>Logs the given message with the given level.</doc>
<msg timestamp="20220705 06:44:32.713" level="INFO">Produto: blusa - Tam: M</msg>
<status status="PASS" starttime="20220705 06:44:32.713" endtime="20220705 06:44:32.713"/>
</kw>
<status status="PASS" starttime="20220705 06:44:32.713" endtime="20220705 06:44:32.713"/>
</iter>
<iter>
<var name="${tamanho}">G</var>
<kw name="Log" library="BuiltIn">
<arg>Produto: ${produto} - Tam: ${tamanho}</arg>
<doc>Logs the given message with the given level.</doc>
<msg timestamp="20220705 06:44:32.714" level="INFO">Produto: blusa - Tam: G</msg>
<status status="PASS" starttime="20220705 06:44:32.714" endtime="20220705 06:44:32.714"/>
</kw>
<status status="PASS" starttime="20220705 06:44:32.714" endtime="20220705 06:44:32.714"/>
</iter>
<status status="PASS" starttime="20220705 06:44:32.713" endtime="20220705 06:44:32.714"/>
</for>
<status status="PASS" starttime="20220705 06:44:32.713" endtime="20220705 06:44:32.714"/>
</kw>
<status status="PASS" starttime="20220705 06:44:32.713" endtime="20220705 06:44:32.714"/>
</iter>
<status status="PASS" starttime="20220705 06:44:32.710" endtime="20220705 06:44:32.714"/>
</for>
<status status="PASS" starttime="20220705 06:44:32.710" endtime="20220705 06:44:32.714"/>
</kw>
<status status="PASS" starttime="20220705 06:44:32.709" endtime="20220705 06:44:32.714"/>
</test>
<test id="s1-t3" name="Teste FOR usando várias váriaveis" line="8">
<kw name="Cria dicionário de traduções">
<for flavor="IN">
<var>${index}</var>
<var>${english}</var>
<var>${finnish}</var>
<var>${portugues}</var>
<value>1</value>
<value>cat</value>
<value>kissa</value>
<value>gato</value>
<value>2</value>
<value>dog</value>
<value>koira</value>
<value>cachorro</value>
<value>3</value>
<value>horse</value>
<value>hevonen</value>
<value>cavalo</value>
<iter>
<var name="${index}">1</var>
<var name="${english}">cat</var>
<var name="${finnish}">kissa</var>
<var name="${portugues}">gato</var>
<kw name="Log" library="BuiltIn">
<arg>Animal ${index}:\nEm inglês: ${english}\nEm finlandês: ${finnish}\nEm português: ${portugues}</arg>
<doc>Logs the given message with the given level.</doc>
<msg timestamp="20220705 06:44:32.716" level="INFO">Animal 1:
Em inglês: cat
Em finlandês: kissa
Em português: gato</msg>
<status status="PASS" starttime="20220705 06:44:32.716" endtime="20220705 06:44:32.716"/>
</kw>
<status status="PASS" starttime="20220705 06:44:32.716" endtime="20220705 06:44:32.716"/>
</iter>
<iter>
<var name="${index}">2</var>
<var name="${english}">dog</var>
<var name="${finnish}">koira</var>
<var name="${portugues}">cachorro</var>
<kw name="Log" library="BuiltIn">
<arg>Animal ${index}:\nEm inglês: ${english}\nEm finlandês: ${finnish}\nEm português: ${portugues}</arg>
<doc>Logs the given message with the given level.</doc>
<msg timestamp="20220705 06:44:32.716" level="INFO">Animal 2:
Em inglês: dog
Em finlandês: koira
Em português: cachorro</msg>
<status status="PASS" starttime="20220705 06:44:32.716" endtime="20220705 06:44:32.716"/>
</kw>
<status status="PASS" starttime="20220705 06:44:32.716" endtime="20220705 06:44:32.716"/>
</iter>
<iter>
<var name="${index}">3</var>
<var name="${english}">horse</var>
<var name="${finnish}">hevonen</var>
<var name="${portugues}">cavalo</var>
<kw name="Log" library="BuiltIn">
<arg>Animal ${index}:\nEm inglês: ${english}\nEm finlandês: ${finnish}\nEm português: ${portugues}</arg>
<doc>Logs the given message with the given level.</doc>
<msg timestamp="20220705 06:44:32.717" level="INFO">Animal 3:
Em inglês: horse
Em finlandês: hevonen
Em português: cavalo</msg>
<status status="PASS" starttime="20220705 06:44:32.717" endtime="20220705 06:44:32.717"/>
</kw>
<status status="PASS" starttime="20220705 06:44:32.717" endtime="20220705 06:44:32.717"/>
</iter>
<status status="PASS" starttime="20220705 06:44:32.715" endtime="20220705 06:44:32.717"/>
</for>
<status status="PASS" starttime="20220705 06:44:32.715" endtime="20220705 06:44:32.717"/>
</kw>
<status status="PASS" starttime="20220705 06:44:32.715" endtime="20220705 06:44:32.717"/>
</test>
<test id="s1-t4" name="Teste FOR com numeração da lista" line="11">
<kw name="For com numeração">
<for flavor="IN ENUMERATE">
<var>${index}</var>
<var>${item}</var>
<value>P</value>
<value>M</value>
<value>G</value>
<value>GG</value>
<value>XG</value>
<value>XXG</value>
<iter>
<var name="${index}">0</var>
<var name="${item}">P</var>
<kw name="Log" library="BuiltIn">
<arg>Item da lista: ${item} - Posição do item na lista: ${index}</arg>
<doc>Logs the given message with the given level.</doc>
<msg timestamp="20220705 06:44:32.719" level="INFO">Item da lista: P - Posição do item na lista: 0</msg>
<status status="PASS" starttime="20220705 06:44:32.719" endtime="20220705 06:44:32.719"/>
</kw>
<status status="PASS" starttime="20220705 06:44:32.719" endtime="20220705 06:44:32.719"/>
</iter>
<iter>
<var name="${index}">1</var>
<var name="${item}">M</var>
<kw name="Log" library="BuiltIn">
<arg>Item da lista: ${item} - Posição do item na lista: ${index}</arg>
<doc>Logs the given message with the given level.</doc>
<msg timestamp="20220705 06:44:32.720" level="INFO">Item da lista: M - Posição do item na lista: 1</msg>
<status status="PASS" starttime="20220705 06:44:32.720" endtime="20220705 06:44:32.720"/>
</kw>
<status status="PASS" starttime="20220705 06:44:32.719" endtime="20220705 06:44:32.720"/>
</iter>
<iter>
<var name="${index}">2</var>
<var name="${item}">G</var>
<kw name="Log" library="BuiltIn">
<arg>Item da lista: ${item} - Posição do item na lista: ${index}</arg>
<doc>Logs the given message with the given level.</doc>
<msg timestamp="20220705 06:44:32.720" level="INFO">Item da lista: G - Posição do item na lista: 2</msg>
<status status="PASS" starttime="20220705 06:44:32.720" endtime="20220705 06:44:32.720"/>
</kw>
<status status="PASS" starttime="20220705 06:44:32.720" endtime="20220705 06:44:32.720"/>
</iter>
<iter>
<var name="${index}">3</var>
<var name="${item}">GG</var>
<kw name="Log" library="BuiltIn">
<arg>Item da lista: ${item} - Posição do item na lista: ${index}</arg>
<doc>Logs the given message with the given level.</doc>
<msg timestamp="20220705 06:44:32.720" level="INFO">Item da lista: GG - Posição do item na lista: 3</msg>
<status status="PASS" starttime="20220705 06:44:32.720" endtime="20220705 06:44:32.721"/>
</kw>
<status status="PASS" starttime="20220705 06:44:32.720" endtime="20220705 06:44:32.721"/>
</iter>
<iter>
<var name="${index}">4</var>
<var name="${item}">XG</var>
<kw name="Log" library="BuiltIn">
<arg>Item da lista: ${item} - Posição do item na lista: ${index}</arg>
<doc>Logs the given message with the given level.</doc>
<msg timestamp="20220705 06:44:32.721" level="INFO">Item da lista: XG - Posição do item na lista: 4</msg>
<status status="PASS" starttime="20220705 06:44:32.721" endtime="20220705 06:44:32.721"/>
</kw>
<status status="PASS" starttime="20220705 06:44:32.721" endtime="20220705 06:44:32.721"/>
</iter>
<iter>
<var name="${index}">5</var>
<var name="${item}">XXG</var>
<kw name="Log" library="BuiltIn">
<arg>Item da lista: ${item} - Posição do item na lista: ${index}</arg>
<doc>Logs the given message with the given level.</doc>
<msg timestamp="20220705 06:44:32.721" level="INFO">Item da lista: XXG - Posição do item na lista: 5</msg>
<status status="PASS" starttime="20220705 06:44:32.721" endtime="20220705 06:44:32.721"/>
</kw>
<status status="PASS" starttime="20220705 06:44:32.721" endtime="20220705 06:44:32.721"/>
</iter>
<status status="PASS" starttime="20220705 06:44:32.719" endtime="20220705 06:44:32.721"/>
</for>
<status status="PASS" starttime="20220705 06:44:32.719" endtime="20220705 06:44:32.722"/>
</kw>
<status status="PASS" starttime="20220705 06:44:32.718" endtime="20220705 06:44:32.722"/>
</test>
<test id="s1-t5" name="Teste mais opções IN RANGE" line="14">
<kw name="Tradicional">
<doc>Percorre de 1 até 10</doc>
<for flavor="IN RANGE">
<var>${index}</var>
<value>1</value>
<value>11</value>
<iter>
<var name="${index}">1</var>
<kw name="Log" library="BuiltIn">
<arg>${index}</arg>
<doc>Logs the given message with the given level.</doc>
<msg timestamp="20220705 06:44:32.724" level="INFO">1</msg>
<status status="PASS" starttime="20220705 06:44:32.724" endtime="20220705 06:44:32.724"/>
</kw>
<status status="PASS" starttime="20220705 06:44:32.724" endtime="20220705 06:44:32.724"/>
</iter>
<iter>
<var name="${index}">2</var>
<kw name="Log" library="BuiltIn">
<arg>${index}</arg>
<doc>Logs the given message with the given level.</doc>
<msg timestamp="20220705 06:44:32.724" level="INFO">2</msg>
<status status="PASS" starttime="20220705 06:44:32.724" endtime="20220705 06:44:32.724"/>
</kw>
<status status="PASS" starttime="20220705 06:44:32.724" endtime="20220705 06:44:32.724"/>
</iter>
<iter>
<var name="${index}">3</var>
<kw name="Log" library="BuiltIn">
<arg>${index}</arg>
<doc>Logs the given message with the given level.</doc>
<msg timestamp="20220705 06:44:32.724" level="INFO">3</msg>
<status status="PASS" starttime="20220705 06:44:32.724" endtime="20220705 06:44:32.725"/>
</kw>
<status status="PASS" starttime="20220705 06:44:32.724" endtime="20220705 06:44:32.725"/>
</iter>
<iter>
<var name="${index}">4</var>
<kw name="Log" library="BuiltIn">
<arg>${index}</arg>
<doc>Logs the given message with the given level.</doc>
<msg timestamp="20220705 06:44:32.725" level="INFO">4</msg>
<status status="PASS" starttime="20220705 06:44:32.725" endtime="20220705 06:44:32.725"/>
</kw>
<status status="PASS" starttime="20220705 06:44:32.725" endtime="20220705 06:44:32.725"/>
</iter>
<iter>
<var name="${index}">5</var>
<kw name="Log" library="BuiltIn">
<arg>${index}</arg>
<doc>Logs the given message with the given level.</doc>
<msg timestamp="20220705 06:44:32.725" level="INFO">5</msg>
<status status="PASS" starttime="20220705 06:44:32.725" endtime="20220705 06:44:32.725"/>
</kw>
<status status="PASS" starttime="20220705 06:44:32.725" endtime="20220705 06:44:32.725"/>
</iter>
<iter>
<var name="${index}">6</var>
<kw name="Log" library="BuiltIn">
<arg>${index}</arg>
<doc>Logs the given message with the given level.</doc>
<msg timestamp="20220705 06:44:32.726" level="INFO">6</msg>
<status status="PASS" starttime="20220705 06:44:32.725" endtime="20220705 06:44:32.726"/>
</kw>
<status status="PASS" starttime="20220705 06:44:32.725" endtime="20220705 06:44:32.726"/>
</iter>
<iter>
<var name="${index}">7</var>
<kw name="Log" library="BuiltIn">
<arg>${index}</arg>
<doc>Logs the given message with the given level.</doc>
<msg timestamp="20220705 06:44:32.726" level="INFO">7</msg>
<status status="PASS" starttime="20220705 06:44:32.726" endtime="20220705 06:44:32.726"/>
</kw>
<status status="PASS" starttime="20220705 06:44:32.726" endtime="20220705 06:44:32.726"/>
</iter>
<iter>
<var name="${index}">8</var>
<kw name="Log" library="BuiltIn">
<arg>${index}</arg>
<doc>Logs the given message with the given level.</doc>
<msg timestamp="20220705 06:44:32.727" level="INFO">8</msg>
<status status="PASS" starttime="20220705 06:44:32.727" endtime="20220705 06:44:32.727"/>
</kw>
<status status="PASS" starttime="20220705 06:44:32.726" endtime="20220705 06:44:32.727"/>
</iter>
<iter>
<var name="${index}">9</var>
<kw name="Log" library="BuiltIn">
<arg>${index}</arg>
<doc>Logs the given message with the given level.</doc>
<msg timestamp="20220705 06:44:32.727" level="INFO">9</msg>
<status status="PASS" starttime="20220705 06:44:32.727" endtime="20220705 06:44:32.727"/>
</kw>
<status status="PASS" starttime="20220705 06:44:32.727" endtime="20220705 06:44:32.727"/>
</iter>
<iter>
<var name="${index}">10</var>
<kw name="Log" library="BuiltIn">
<arg>${index}</arg>
<doc>Logs the given message with the given level.</doc>
<msg timestamp="20220705 06:44:32.727" level="INFO">10</msg>
<status status="PASS" starttime="20220705 06:44:32.727" endtime="20220705 06:44:32.728"/>
</kw>
<status status="PASS" starttime="20220705 06:44:32.727" endtime="20220705 06:44:32.728"/>
</iter>
<status status="PASS" starttime="20220705 06:44:32.723" endtime="20220705 06:44:32.728"/>
</for>
<status status="PASS" starttime="20220705 06:44:32.723" endtime="20220705 06:44:32.728"/>
</kw>
<kw name="Apenas quantidade de laços informada (limite superior)">
<doc>Percorre de 0 até 9</doc>
<for flavor="IN RANGE">
<var>${index}</var>
<value>10</value>
<iter>
<var name="${index}">0</var>
<kw name="Log" library="BuiltIn">
<arg>${index}</arg>
<doc>Logs the given message with the given level.</doc>
<msg timestamp="20220705 06:44:32.729" level="INFO">0</msg>
<status status="PASS" starttime="20220705 06:44:32.729" endtime="20220705 06:44:32.729"/>
</kw>
<status status="PASS" starttime="20220705 06:44:32.729" endtime="20220705 06:44:32.729"/>
</iter>
<iter>
<var name="${index}">1</var>
<kw name="Log" library="BuiltIn">
<arg>${index}</arg>
<doc>Logs the given message with the given level.</doc>
<msg timestamp="20220705 06:44:32.729" level="INFO">1</msg>
<status status="PASS" starttime="20220705 06:44:32.729" endtime="20220705 06:44:32.729"/>
</kw>
<status status="PASS" starttime="20220705 06:44:32.729" endtime="20220705 06:44:32.729"/>
</iter>
<iter>
<var name="${index}">2</var>
<kw name="Log" library="BuiltIn">
<arg>${index}</arg>
<doc>Logs the given message with the given level.</doc>
<msg timestamp="20220705 06:44:32.729" level="INFO">2</msg>
<status status="PASS" starttime="20220705 06:44:32.729" endtime="20220705 06:44:32.729"/>
</kw>
<status status="PASS" starttime="20220705 06:44:32.729" endtime="20220705 06:44:32.729"/>
</iter>
<iter>
<var name="${index}">3</var>
<kw name="Log" library="BuiltIn">
<arg>${index}</arg>
<doc>Logs the given message with the given level.</doc>
<msg timestamp="20220705 06:44:32.730" level="INFO">3</msg>
<status status="PASS" starttime="20220705 06:44:32.730" endtime="20220705 06:44:32.730"/>
</kw>
<status status="PASS" starttime="20220705 06:44:32.730" endtime="20220705 06:44:32.730"/>
</iter>
<iter>
<var name="${index}">4</var>
<kw name="Log" library="BuiltIn">
<arg>${index}</arg>
<doc>Logs the given message with the given level.</doc>
<msg timestamp="20220705 06:44:32.730" level="INFO">4</msg>
<status status="PASS" starttime="20220705 06:44:32.730" endtime="20220705 06:44:32.730"/>
</kw>
<status status="PASS" starttime="20220705 06:44:32.730" endtime="20220705 06:44:32.730"/>
</iter>
<iter>
<var name="${index}">5</var>
<kw name="Log" library="BuiltIn">
<arg>${index}</arg>
<doc>Logs the given message with the given level.</doc>
<msg timestamp="20220705 06:44:32.730" level="INFO">5</msg>
<status status="PASS" starttime="20220705 06:44:32.730" endtime="20220705 06:44:32.730"/>
</kw>
<status status="PASS" starttime="20220705 06:44:32.730" endtime="20220705 06:44:32.730"/>
</iter>
<iter>
<var name="${index}">6</var>
<kw name="Log" library="BuiltIn">
<arg>${index}</arg>
<doc>Logs the given message with the given level.</doc>
<msg timestamp="20220705 06:44:32.730" level="INFO">6</msg>
<status status="PASS" starttime="20220705 06:44:32.730" endtime="20220705 06:44:32.730"/>
</kw>
<status status="PASS" starttime="20220705 06:44:32.730" endtime="20220705 06:44:32.730"/>
</iter>
<iter>
<var name="${index}">7</var>
<kw name="Log" library="BuiltIn">
<arg>${index}</arg>
<doc>Logs the given message with the given level.</doc>
<msg timestamp="20220705 06:44:32.731" level="INFO">7</msg>
<status status="PASS" starttime="20220705 06:44:32.731" endtime="20220705 06:44:32.731"/>
</kw>
<status status="PASS" starttime="20220705 06:44:32.730" endtime="20220705 06:44:32.731"/>
</iter>
<iter>
<var name="${index}">8</var>
<kw name="Log" library="BuiltIn">
<arg>${index}</arg>
<doc>Logs the given message with the given level.</doc>
<msg timestamp="20220705 06:44:32.731" level="INFO">8</msg>
<status status="PASS" starttime="20220705 06:44:32.731" endtime="20220705 06:44:32.731"/>
</kw>
<status status="PASS" starttime="20220705 06:44:32.731" endtime="20220705 06:44:32.731"/>
</iter>
<iter>
<var name="${index}">9</var>
<kw name="Log" library="BuiltIn">
<arg>${index}</arg>
<doc>Logs the given message with the given level.</doc>
<msg timestamp="20220705 06:44:32.731" level="INFO">9</msg>
<status status="PASS" starttime="20220705 06:44:32.731" endtime="20220705 06:44:32.731"/>
</kw>
<status status="PASS" starttime="20220705 06:44:32.731" endtime="20220705 06:44:32.731"/>
</iter>
<status status="PASS" starttime="20220705 06:44:32.728" endtime="20220705 06:44:32.731"/>
</for>
<status status="PASS" starttime="20220705 06:44:32.728" endtime="20220705 06:44:32.731"/>
</kw>
<kw name="Aritmético">
<doc>Percorre de 0 até 5</doc>
<kw name="Set Variable" library="BuiltIn">
<var>${var}</var>
<arg>${5}</arg>
<doc>Returns the given values which can then be assigned to a variables.</doc>
<msg timestamp="20220705 06:44:32.732" level="INFO">${var} = 5</msg>
<status status="PASS" starttime="20220705 06:44:32.732" endtime="20220705 06:44:32.732"/>
</kw>
<for flavor="IN RANGE">
<var>${index}</var>
<value>${var} + 1</value>
<iter>
<var name="${index}">0</var>
<kw name="Log" library="BuiltIn">
<arg>${index}</arg>
<doc>Logs the given message with the given level.</doc>
<msg timestamp="20220705 06:44:32.733" level="INFO">0</msg>
<status status="PASS" starttime="20220705 06:44:32.732" endtime="20220705 06:44:32.733"/>
</kw>
<status status="PASS" starttime="20220705 06:44:32.732" endtime="20220705 06:44:32.733"/>
</iter>
<iter>
<var name="${index}">1</var>
<kw name="Log" library="BuiltIn">
<arg>${index}</arg>
<doc>Logs the given message with the given level.</doc>
<msg timestamp="20220705 06:44:32.733" level="INFO">1</msg>
<status status="PASS" starttime="20220705 06:44:32.733" endtime="20220705 06:44:32.733"/>
</kw>
<status status="PASS" starttime="20220705 06:44:32.733" endtime="20220705 06:44:32.733"/>
</iter>
<iter>
<var name="${index}">2</var>
<kw name="Log" library="BuiltIn">
<arg>${index}</arg>
<doc>Logs the given message with the given level.</doc>
<msg timestamp="20220705 06:44:32.733" level="INFO">2</msg>
<status status="PASS" starttime="20220705 06:44:32.733" endtime="20220705 06:44:32.733"/>
</kw>
<status status="PASS" starttime="20220705 06:44:32.733" endtime="20220705 06:44:32.733"/>
</iter>
<iter>
<var name="${index}">3</var>
<kw name="Log" library="BuiltIn">
<arg>${index}</arg>
<doc>Logs the given message with the given level.</doc>
<msg timestamp="20220705 06:44:32.733" level="INFO">3</msg>
<status status="PASS" starttime="20220705 06:44:32.733" endtime="20220705 06:44:32.733"/>
</kw>
<status status="PASS" starttime="20220705 06:44:32.733" endtime="20220705 06:44:32.733"/>
</iter>
<iter>
<var name="${index}">4</var>
<kw name="Log" library="BuiltIn">
<arg>${index}</arg>
<doc>Logs the given message with the given level.</doc>
<msg timestamp="20220705 06:44:32.734" level="INFO">4</msg>
<status status="PASS" starttime="20220705 06:44:32.733" endtime="20220705 06:44:32.734"/>
</kw>
<status status="PASS" starttime="20220705 06:44:32.733" endtime="20220705 06:44:32.734"/>
</iter>
<iter>
<var name="${index}">5</var>
<kw name="Log" library="BuiltIn">
<arg>${index}</arg>
<doc>Logs the given message with the given level.</doc>
<msg timestamp="20220705 06:44:32.734" level="INFO">5</msg>
<status status="PASS" starttime="20220705 06:44:32.734" endtime="20220705 06:44:32.734"/>
</kw>
<status status="PASS" starttime="20220705 06:44:32.734" endtime="20220705 06:44:32.734"/>
</iter>
<status status="PASS" starttime="20220705 06:44:32.732" endtime="20220705 06:44:32.734"/>
</for>
<status status="PASS" starttime="20220705 06:44:32.732" endtime="20220705 06:44:32.734"/>
</kw>
<kw name="Intervalos específicos">
<doc>Percorre de 0 até 30, pulando de 5 em 5</doc>
<for flavor="IN RANGE">
<var>${index}</var>
<value>0</value>
<value>31</value>
<value>5</value>
<iter>
<var name="${index}">0</var>
<kw name="Log" library="BuiltIn">
<arg>${index}</arg>
<doc>Logs the given message with the given level.</doc>
<msg timestamp="20220705 06:44:32.735" level="INFO">0</msg>
<status status="PASS" starttime="20220705 06:44:32.735" endtime="20220705 06:44:32.735"/>
</kw>
<status status="PASS" starttime="20220705 06:44:32.735" endtime="20220705 06:44:32.735"/>
</iter>
<iter>
<var name="${index}">5</var>
<kw name="Log" library="BuiltIn">
<arg>${index}</arg>
<doc>Logs the given message with the given level.</doc>
<msg timestamp="20220705 06:44:32.735" level="INFO">5</msg>
<status status="PASS" starttime="20220705 06:44:32.735" endtime="20220705 06:44:32.735"/>
</kw>
<status status="PASS" starttime="20220705 06:44:32.735" endtime="20220705 06:44:32.735"/>
</iter>
<iter>
<var name="${index}">10</var>
<kw name="Log" library="BuiltIn">
<arg>${index}</arg>
<doc>Logs the given message with the given level.</doc>
<msg timestamp="20220705 06:44:32.735" level="INFO">10</msg>
<status status="PASS" starttime="20220705 06:44:32.735" endtime="20220705 06:44:32.735"/>
</kw>
<status status="PASS" starttime="20220705 06:44:32.735" endtime="20220705 06:44:32.735"/>
</iter>
<iter>
<var name="${index}">15</var>
<kw name="Log" library="BuiltIn">
<arg>${index}</arg>
<doc>Logs the given message with the given level.</doc>
<msg timestamp="20220705 06:44:32.735" level="INFO">15</msg>
<status status="PASS" starttime="20220705 06:44:32.735" endtime="20220705 06:44:32.735"/>
</kw>
<status status="PASS" starttime="20220705 06:44:32.735" endtime="20220705 06:44:32.735"/>
</iter>
<iter>
<var name="${index}">20</var>
<kw name="Log" library="BuiltIn">
<arg>${index}</arg>
<doc>Logs the given message with the given level.</doc>
<msg timestamp="20220705 06:44:32.736" level="INFO">20</msg>
<status status="PASS" starttime="20220705 06:44:32.736" endtime="20220705 06:44:32.736"/>
</kw>
<status status="PASS" starttime="20220705 06:44:32.736" endtime="20220705 06:44:32.736"/>
</iter>
<iter>
<var name="${index}">25</var>
<kw name="Log" library="BuiltIn">
<arg>${index}</arg>
<doc>Logs the given message with the given level.</doc>
<msg timestamp="20220705 06:44:32.736" level="INFO">25</msg>
<status status="PASS" starttime="20220705 06:44:32.736" endtime="20220705 06:44:32.736"/>
</kw>
<status status="PASS" starttime="20220705 06:44:32.736" endtime="20220705 06:44:32.736"/>
</iter>
<iter>
<var name="${index}">30</var>
<kw name="Log" library="BuiltIn">
<arg>${index}</arg>
<doc>Logs the given message with the given level.</doc>
<msg timestamp="20220705 06:44:32.736" level="INFO">30</msg>
<status status="PASS" starttime="20220705 06:44:32.736" endtime="20220705 06:44:32.736"/>
</kw>
<status status="PASS" starttime="20220705 06:44:32.736" endtime="20220705 06:44:32.736"/>
</iter>
<status status="PASS" starttime="20220705 06:44:32.734" endtime="20220705 06:44:32.736"/>
</for>
<status status="PASS" starttime="20220705 06:44:32.734" endtime="20220705 06:44:32.736"/>
</kw>
<status status="PASS" starttime="20220705 06:44:32.723" endtime="20220705 06:44:32.737"/>
</test>
<status status="PASS" starttime="20220705 06:44:32.686" endtime="20220705 06:44:32.738"/>
</suite>
<statistics>
<total>
<stat pass="5" fail="0" skip="0">All Tests</stat>
</total>
<tag>
</tag>
<suite>
<stat pass="5" fail="0" skip="0" id="s1" name="For">For</stat>
</suite>
</statistics>
<errors>
</errors>
</robot>
