<?xml version="1.0" encoding="UTF-8"?>
<robot generator="Robot 5.0.1 (Python 3.10.5 on win32)" generated="20220630 06:58:57.364" rpa="false" schemaversion="3">
<suite id="s1" name="Amazon Testes" source="C:\Users\denty\Desktop\estagio\Guia\udemy\Basico\WebTesting\amazon_testes.robot">
<test id="s1-t1" name="Caso de Teste 01 - Acesso ao menu &quot;Eletrônicos&quot;" line="10">
<kw name="Abrir o navegador" library="amazon_resources" type="SETUP">
<kw name="Open Browser" library="SeleniumLibrary">
<arg>browser=chrome</arg>
<doc>Opens a new browser instance to the optional ``url``.</doc>
<msg timestamp="20220630 06:58:57.536" level="INFO">Opening browser 'chrome' to base url 'None'.</msg>
<status status="PASS" starttime="20220630 06:58:57.536" endtime="20220630 06:58:58.666"/>
</kw>
<kw name="Maximize Browser Window" library="SeleniumLibrary">
<doc>Maximizes current browser window.</doc>
<status status="PASS" starttime="20220630 06:58:58.667" endtime="20220630 06:58:58.793"/>
</kw>
<status status="PASS" starttime="20220630 06:58:57.536" endtime="20220630 06:58:58.793"/>
</kw>
<kw name="Acessar a home page do site Amazon.com.br" library="amazon_resources">
<kw name="Go To" library="SeleniumLibrary">
<arg>url=${URL}</arg>
<doc>Navigates the current browser window to the provided ``url``.</doc>
<msg timestamp="20220630 06:58:58.794" level="INFO">Opening url 'https://www.amazon.com.br'</msg>
<status status="PASS" starttime="20220630 06:58:58.794" endtime="20220630 06:59:00.903"/>
</kw>
<status status="PASS" starttime="20220630 06:58:58.794" endtime="20220630 06:59:00.903"/>
</kw>
<kw name="Verificar se o título da página fica &quot;Amazon.com.br | Tudo pra você, de A a Z.&quot;" library="amazon_resources" sourcename="Verificar se o título da página fica &quot;${TITULO}&quot;">
<kw name="Title Should Be" library="SeleniumLibrary">
<arg>title=${TITULO}</arg>
<doc>Verifies that the current page title equals ``title``.</doc>
<msg timestamp="20220630 06:59:00.923" level="INFO">Page title is 'Amazon.com.br | Tudo pra você, de A a Z.'.</msg>
<status status="PASS" starttime="20220630 06:59:00.904" endtime="20220630 06:59:00.923"/>
</kw>
<status status="PASS" starttime="20220630 06:59:00.903" endtime="20220630 06:59:00.923"/>
</kw>
<kw name="Entrar no menu &quot;Eletrônicos&quot;" library="amazon_resources">
<kw name="Click Element" library="SeleniumLibrary">
<arg>locator=${MENU_ELETRONICOS}</arg>
<doc>Click the element identified by ``locator``.</doc>
<msg timestamp="20220630 06:59:00.925" level="INFO">Clicking element '//a[@href='/Eletronicos-e-Tecnologia/b/?ie=UTF8&amp;node=16209062011&amp;ref_=nav_cs_electronics'][contains(.,'Eletrônicos')]'.</msg>
<status status="PASS" starttime="20220630 06:59:00.924" endtime="20220630 06:59:04.226"/>
</kw>
<status status="PASS" starttime="20220630 06:59:00.924" endtime="20220630 06:59:04.227"/>
</kw>
<kw name="Verificar se aparece a frase &quot;Eletrônicos e Tecnologia&quot;" library="amazon_resources" sourcename="Verificar se aparece a frase &quot;${FRASE}&quot;">
<kw name="Wait Until Page Contains" library="SeleniumLibrary">
<arg>text=${FRASE}</arg>
<doc>Waits until ``text`` appears on the current page.</doc>
<status status="PASS" starttime="20220630 06:59:04.227" endtime="20220630 06:59:04.280"/>
</kw>
<kw name="Wait Until Element Is Visible" library="SeleniumLibrary">
<arg>locator=${HEADER_ELETRONICOS}</arg>
<doc>Waits until the element ``locator`` is visible.</doc>
<status status="PASS" starttime="20220630 06:59:04.280" endtime="20220630 06:59:04.334"/>
</kw>
<status status="PASS" starttime="20220630 06:59:04.227" endtime="20220630 06:59:04.334"/>
</kw>
<kw name="Verificar se o título da página fica &quot;Eletrônicos e Tecnologia | Amazon.com.br&quot;" library="amazon_resources" sourcename="Verificar se o título da página fica &quot;${TITULO}&quot;">
<kw name="Title Should Be" library="SeleniumLibrary">
<arg>title=${TITULO}</arg>
<doc>Verifies that the current page title equals ``title``.</doc>
<msg timestamp="20220630 06:59:04.347" level="INFO">Page title is 'Eletrônicos e Tecnologia | Amazon.com.br'.</msg>
<status status="PASS" starttime="20220630 06:59:04.335" endtime="20220630 06:59:04.347"/>
</kw>
<status status="PASS" starttime="20220630 06:59:04.334" endtime="20220630 06:59:04.347"/>
</kw>
<kw name="Verificar se aparece a categoria &quot;Computadores e Informática&quot;" library="amazon_resources" sourcename="Verificar se aparece a categoria &quot;${NOME_CATEGORIA}&quot;">
<kw name="Element Should Be Visible" library="SeleniumLibrary">
<arg>locator=//a[@aria-label='${NOME_CATEGORIA}']</arg>
<doc>Verifies that the element identified by ``locator`` is visible.</doc>
<msg timestamp="20220630 06:59:04.419" level="INFO">Element '//a[@aria-label='Computadores e Informática']' is displayed.</msg>
<status status="PASS" starttime="20220630 06:59:04.348" endtime="20220630 06:59:04.419"/>
</kw>
<status status="PASS" starttime="20220630 06:59:04.348" endtime="20220630 06:59:04.420"/>
</kw>
<kw name="Verificar se aparece a categoria &quot;Tablets&quot;" library="amazon_resources" sourcename="Verificar se aparece a categoria &quot;${NOME_CATEGORIA}&quot;">
<kw name="Element Should Be Visible" library="SeleniumLibrary">
<arg>locator=//a[@aria-label='${NOME_CATEGORIA}']</arg>
<doc>Verifies that the element identified by ``locator`` is visible.</doc>
<msg timestamp="20220630 06:59:04.462" level="INFO">Element '//a[@aria-label='Tablets']' is displayed.</msg>
<status status="PASS" starttime="20220630 06:59:04.420" endtime="20220630 06:59:04.463"/>
</kw>
<status status="PASS" starttime="20220630 06:59:04.420" endtime="20220630 06:59:04.463"/>
</kw>
<kw name="Fechar o navegador" library="amazon_resources" type="TEARDOWN">
<kw name="Close Browser" library="SeleniumLibrary">
<doc>Closes the current browser.</doc>
<status status="PASS" starttime="20220630 06:59:04.463" endtime="20220630 06:59:06.644"/>
</kw>
<status status="PASS" starttime="20220630 06:59:04.463" endtime="20220630 06:59:06.644"/>
</kw>
<doc>Esse teste verifica o menu eletronico do site da Amazon.com.br
e verifica a categoria Computadores e Informática</doc>
<tag>categorias</tag>
<tag>menus</tag>
<status status="PASS" starttime="20220630 06:58:57.535" endtime="20220630 06:59:06.645"/>
</test>
<test id="s1-t2" name="Caso de Teste 02 - Pesquisa de um Produto" line="24">
<kw name="Abrir o navegador" library="amazon_resources" type="SETUP">
<kw name="Open Browser" library="SeleniumLibrary">
<arg>browser=chrome</arg>
<doc>Opens a new browser instance to the optional ``url``.</doc>
<msg timestamp="20220630 06:59:06.649" level="INFO">Opening browser 'chrome' to base url 'None'.</msg>
<status status="PASS" starttime="20220630 06:59:06.648" endtime="20220630 06:59:07.766"/>
</kw>
<kw name="Maximize Browser Window" library="SeleniumLibrary">
<doc>Maximizes current browser window.</doc>
<status status="PASS" starttime="20220630 06:59:07.766" endtime="20220630 06:59:07.880"/>
</kw>
<status status="PASS" starttime="20220630 06:59:06.648" endtime="20220630 06:59:07.880"/>
</kw>
<kw name="Acessar a home page do site Amazon.com.br" library="amazon_resources">
<kw name="Go To" library="SeleniumLibrary">
<arg>url=${URL}</arg>
<doc>Navigates the current browser window to the provided ``url``.</doc>
<msg timestamp="20220630 06:59:07.881" level="INFO">Opening url 'https://www.amazon.com.br'</msg>
<status status="PASS" starttime="20220630 06:59:07.881" endtime="20220630 06:59:09.743"/>
</kw>
<status status="PASS" starttime="20220630 06:59:07.881" endtime="20220630 06:59:09.743"/>
</kw>
<kw name="Digitar o nome de produto &quot;Xbox Series S&quot; no campo de pesquisa" library="amazon_resources" sourcename="Digitar o nome de produto &quot;${Produto}&quot; no campo de pesquisa">
<kw name="Input Text" library="SeleniumLibrary">
<arg>locator=twotabsearchtextbox</arg>
<arg>text=${Produto}</arg>
<doc>Types the given ``text`` into the text field identified by ``locator``.</doc>
<msg timestamp="20220630 06:59:09.745" level="INFO">Typing text 'Xbox Series S' into text field 'twotabsearchtextbox'.</msg>
<status status="PASS" starttime="20220630 06:59:09.744" endtime="20220630 06:59:09.848"/>
</kw>
<status status="PASS" starttime="20220630 06:59:09.744" endtime="20220630 06:59:09.848"/>
</kw>
<kw name="Clicar no botão de pesquisa" library="amazon_resources">
<kw name="Click Element" library="SeleniumLibrary">
<arg>locator=nav-search-submit-button</arg>
<doc>Click the element identified by ``locator``.</doc>
<msg timestamp="20220630 06:59:09.849" level="INFO">Clicking element 'nav-search-submit-button'.</msg>
<status status="PASS" starttime="20220630 06:59:09.849" endtime="20220630 06:59:11.117"/>
</kw>
<status status="PASS" starttime="20220630 06:59:09.848" endtime="20220630 06:59:11.117"/>
</kw>
<kw name="Verificar o resultado da pesquisa se está listando o produto &quot;Xbox Series S&quot;" library="amazon_resources" sourcename="Verificar o resultado da pesquisa se está listando o produto &quot;${PRODUTO}&quot;">
<kw name="Wait Until Element Is Visible" library="SeleniumLibrary">
<arg>locator=//span[@class='a-size-medium-plus a-color-base a-text-normal'][contains(.,'RESULTADOS')]</arg>
<doc>Waits until the element ``locator`` is visible.</doc>
<status status="PASS" starttime="20220630 06:59:11.118" endtime="20220630 06:59:11.136"/>
</kw>
<status status="PASS" starttime="20220630 06:59:11.118" endtime="20220630 06:59:11.136"/>
</kw>
<kw name="Fechar o navegador" library="amazon_resources" type="TEARDOWN">
<kw name="Close Browser" library="SeleniumLibrary">
<doc>Closes the current browser.</doc>
<status status="PASS" starttime="20220630 06:59:11.137" endtime="20220630 06:59:13.282"/>
</kw>
<status status="PASS" starttime="20220630 06:59:11.137" endtime="20220630 06:59:13.282"/>
</kw>
<doc>Esse teste verifica a busca de um produto</doc>
<tag>busca_produto</tag>
<tag>lista_busca</tag>
<status status="PASS" starttime="20220630 06:59:06.647" endtime="20220630 06:59:13.283"/>
</test>
<doc>Essa suíte testa o site Amazon.com.br</doc>
<status status="PASS" starttime="20220630 06:58:57.365" endtime="20220630 06:59:13.284"/>
</suite>
<statistics>
<total>
<stat pass="2" fail="0" skip="0">All Tests</stat>
</total>
<tag>
<stat pass="1" fail="0" skip="0">busca_produto</stat>
<stat pass="1" fail="0" skip="0">categorias</stat>
<stat pass="1" fail="0" skip="0">lista_busca</stat>
<stat pass="1" fail="0" skip="0">menus</stat>
</tag>
<suite>
<stat pass="2" fail="0" skip="0" id="s1" name="Amazon Testes">Amazon Testes</stat>
</suite>
</statistics>
<errors>
</errors>
</robot>
