<?xml version="1.0" encoding="UTF-8"?>
<robot generator="Robot 5.0.1 (Python 3.10.5 on win32)" generated="20220701 05:53:53.469" rpa="false" schemaversion="3">
<suite id="s1" name="exemplosArgumentos" source="C:\Users\denty\Desktop\estagio\Guia\udemy\Basico\Variaveis\exemplosArgumentos.robot">
<test id="s1-t1" name="Caso de teste de exemplo 01" line="8">
<kw name="Uma keyword qualquer 01">
<kw name="Uma subkeyword com argumentos">
<arg>${PESSOA.nome}</arg>
<arg>${PESSOA.email}</arg>
<kw name="Log" library="BuiltIn">
<arg>Nome Usuário: ${NOME_USUARIO}</arg>
<doc>Logs the given message with the given level.</doc>
<msg timestamp="20220701 05:53:53.490" level="INFO">Nome Usuário: Jeff Aug</msg>
<status status="PASS" starttime="20220701 05:53:53.490" endtime="20220701 05:53:53.490"/>
</kw>
<kw name="Log" library="BuiltIn">
<arg>Email: ${EMAIL_USUARIO}</arg>
<doc>Logs the given message with the given level.</doc>
<msg timestamp="20220701 05:53:53.490" level="INFO">Email: jeff@test.com</msg>
<status status="PASS" starttime="20220701 05:53:53.490" endtime="20220701 05:53:53.490"/>
</kw>
<status status="PASS" starttime="20220701 05:53:53.489" endtime="20220701 05:53:53.490"/>
</kw>
<kw name="Uma subkeyword com retorno">
<var>${MENSAGEM_ALERTA}</var>
<arg>${PESSOA.nome}</arg>
<arg>${PESSOA.idd}</arg>
<kw name="Set Variable If" library="BuiltIn">
<var>${MENSAGEM}</var>
<arg>${IDADE_USUARIO}&lt;18</arg>
<arg>Não autorizado! O usuário ${NOME_USUARIO} é menor de idade!</arg>
<doc>Sets variable based on the given condition.</doc>
<msg timestamp="20220701 05:53:53.491" level="INFO">${MENSAGEM} = Não autorizado! O usuário Jeff Aug é menor de idade!</msg>
<status status="PASS" starttime="20220701 05:53:53.491" endtime="20220701 05:53:53.491"/>
</kw>
<msg timestamp="20220701 05:53:53.491" level="INFO">${MENSAGEM_ALERTA} = Não autorizado! O usuário Jeff Aug é menor de idade!</msg>
<status status="PASS" starttime="20220701 05:53:53.490" endtime="20220701 05:53:53.491"/>
</kw>
<kw name="Log" library="BuiltIn">
<arg>${MENSAGEM_ALERTA}</arg>
<doc>Logs the given message with the given level.</doc>
<msg timestamp="20220701 05:53:53.492" level="INFO">Não autorizado! O usuário Jeff Aug é menor de idade!</msg>
<status status="PASS" starttime="20220701 05:53:53.492" endtime="20220701 05:53:53.492"/>
</kw>
<status status="PASS" starttime="20220701 05:53:53.489" endtime="20220701 05:53:53.492"/>
</kw>
<status status="PASS" starttime="20220701 05:53:53.488" endtime="20220701 05:53:53.492"/>
</test>
<doc>Exemplo de uso de variáveis como argumentos em Keywords</doc>
<status status="PASS" starttime="20220701 05:53:53.471" endtime="20220701 05:53:53.493"/>
</suite>
<statistics>
<total>
<stat pass="1" fail="0" skip="0">All Tests</stat>
</total>
<tag>
</tag>
<suite>
<stat pass="1" fail="0" skip="0" id="s1" name="exemplosArgumentos">exemplosArgumentos</stat>
</suite>
</statistics>
<errors>
</errors>
</robot>
